# JRE version: Java(TM) SE Runtime Environment (8.0_05-b13) (build 1.8.0_05-b13)
# Java VM: Java HotSpot(TM) 64-Bit Server VM (25.5-b02 mixed mode windows-amd64 compressed oops)
Heap:
 PSYoungGen      total 8704K, used 7050K [0x00000000e0980000, 0x00000000e1400000, 0x0000000100000000)
  eden space 6656K, 83% used [0x00000000e0980000,0x00000000e0ef2f00,0x00000000e1000000)
  from space 2048K, 71% used [0x00000000e1200000,0x00000000e136fc00,0x00000000e1400000)
  to   space 2048K, 0% used [0x00000000e1000000,0x00000000e1000000,0x00000000e1200000)
 ParOldGen       total 96768K, used 2587K [0x00000000a1c00000, 0x00000000a7a80000, 0x00000000e0980000)
  object space 96768K, 2% used [0x00000000a1c00000,0x00000000a1e86fb0,0x00000000a7a80000)
 Metaspace       used 10463K, capacity 10660K, committed 11008K, reserved 1058816K
  class space    used 1171K, capacity 1222K, committed 1280K, reserved 1048576K
GC Heap History (10 events):
Event: 0.547 GC heap before
{Heap before GC invocations=6 (full 0):
 PSYoungGen      total 1536K, used 1525K [0x00000000e0980000, 0x00000000e0d80000, 0x0000000100000000)
  eden space 1024K, 99% used [0x00000000e0980000,0x00000000e0a7d7b0,0x00000000e0a80000)
  from space 512K, 100% used [0x00000000e0a80000,0x00000000e0b00000,0x00000000e0b00000)
  to   space 1024K, 0% used [0x00000000e0c80000,0x00000000e0c80000,0x00000000e0d80000)
 ParOldGen       total 96768K, used 541K [0x00000000a1c00000, 0x00000000a7a80000, 0x00000000e0980000)
  object space 96768K, 0% used [0x00000000a1c00000,0x00000000a1c876d0,0x00000000a7a80000)
 Metaspace       used 4461K, capacity 5056K, committed 5248K, reserved 1056768K
  class space    used 532K, capacity 564K, committed 640K, reserved 1048576K
Event: 0.548 GC heap after
Heap after GC invocations=6 (full 0):
 PSYoungGen      total 3072K, used 961K [0x00000000e0980000, 0x00000000e0d80000, 0x0000000100000000)
  eden space 2048K, 0% used [0x00000000e0980000,0x00000000e0980000,0x00000000e0b80000)
  from space 1024K, 93% used [0x00000000e0c80000,0x00000000e0d707d0,0x00000000e0d80000)
  to   space 1024K, 0% used [0x00000000e0b80000,0x00000000e0b80000,0x00000000e0c80000)
 ParOldGen       total 96768K, used 549K [0x00000000a1c00000, 0x00000000a7a80000, 0x00000000e0980000)
  object space 96768K, 0% used [0x00000000a1c00000,0x00000000a1c896d0,0x00000000a7a80000)
 Metaspace       used 4461K, capacity 5056K, committed 5248K, reserved 1056768K
  class space    used 532K, capacity 564K, committed 640K, reserved 1048576K
}
Event: 0.626 GC heap before
{Heap before GC invocations=7 (full 0):
 PSYoungGen      total 3072K, used 3009K [0x00000000e0980000, 0x00000000e0d80000, 0x0000000100000000)
  eden space 2048K, 100% used [0x00000000e0980000,0x00000000e0b80000,0x00000000e0b80000)
  from space 1024K, 93% used [0x00000000e0c80000,0x00000000e0d707d0,0x00000000e0d80000)
  to   space 1024K, 0% used [0x00000000e0b80000,0x00000000e0b80000,0x00000000e0c80000)
 ParOldGen       total 96768K, used 549K [0x00000000a1c00000, 0x00000000a7a80000, 0x00000000e0980000)
  object space 96768K, 0% used [0x00000000a1c00000,0x00000000a1c896d0,0x00000000a7a80000)
 Metaspace       used 6265K, capacity 6358K, committed 6400K, reserved 1056768K
  class space    used 719K, capacity 757K, committed 768K, reserved 1048576K
Event: 0.628 GC heap after
Heap after GC invocations=7 (full 0):
 PSYoungGen      total 3072K, used 1008K [0x00000000e0980000, 0x00000000e1080000, 0x0000000100000000)
  eden space 2048K, 0% used [0x00000000e0980000,0x00000000e0980000,0x00000000e0b80000)
  from space 1024K, 98% used [0x00000000e0b80000,0x00000000e0c7c010,0x00000000e0c80000)
  to   space 1536K, 0% used [0x00000000e0f00000,0x00000000e0f00000,0x00000000e1080000)
 ParOldGen       total 96768K, used 910K [0x00000000a1c00000, 0x00000000a7a80000, 0x00000000e0980000)
  object space 96768K, 0% used [0x00000000a1c00000,0x00000000a1ce3a20,0x00000000a7a80000)
 Metaspace       used 6265K, capacity 6358K, committed 6400K, reserved 1056768K
  class space    used 719K, capacity 757K, committed 768K, reserved 1048576K
}
Event: 1.033 GC heap before
{Heap before GC invocations=8 (full 0):
 PSYoungGen      total 3072K, used 3056K [0x00000000e0980000, 0x00000000e1080000, 0x0000000100000000)
  eden space 2048K, 100% used [0x00000000e0980000,0x00000000e0b80000,0x00000000e0b80000)
  from space 1024K, 98% used [0x00000000e0b80000,0x00000000e0c7c010,0x00000000e0c80000)
  to   space 1536K, 0% used [0x00000000e0f00000,0x00000000e0f00000,0x00000000e1080000)
 ParOldGen       total 96768K, used 910K [0x00000000a1c00000, 0x00000000a7a80000, 0x00000000e0980000)
  object space 96768K, 0% used [0x00000000a1c00000,0x00000000a1ce3a20,0x00000000a7a80000)
 Metaspace       used 7602K, capacity 7706K, committed 7808K, reserved 1056768K
  class space    used 872K, capacity 889K, committed 896K, reserved 1048576K
Event: 1.036 GC heap after
Heap after GC invocations=8 (full 0):
 PSYoungGen      total 5632K, used 1352K [0x00000000e0980000, 0x00000000e1080000, 0x0000000100000000)
  eden space 4096K, 0% used [0x00000000e0980000,0x00000000e0980000,0x00000000e0d80000)
  from space 1536K, 88% used [0x00000000e0f00000,0x00000000e1052180,0x00000000e1080000)
  to   space 1536K, 0% used [0x00000000e0d80000,0x00000000e0d80000,0x00000000e0f00000)
 ParOldGen       total 96768K, used 1054K [0x00000000a1c00000, 0x00000000a7a80000, 0x00000000e0980000)
  object space 96768K, 1% used [0x00000000a1c00000,0x00000000a1d07a60,0x00000000a7a80000)
 Metaspace       used 7602K, capacity 7706K, committed 7808K, reserved 1056768K
  class space    used 872K, capacity 889K, committed 896K, reserved 1048576K
}
Event: 1.103 GC heap before
{Heap before GC invocations=9 (full 0):
 PSYoungGen      total 5632K, used 5448K [0x00000000e0980000, 0x00000000e1080000, 0x0000000100000000)
  eden space 4096K, 100% used [0x00000000e0980000,0x00000000e0d80000,0x00000000e0d80000)
  from space 1536K, 88% used [0x00000000e0f00000,0x00000000e1052180,0x00000000e1080000)
  to   space 1536K, 0% used [0x00000000e0d80000,0x00000000e0d80000,0x00000000e0f00000)
 ParOldGen       total 96768K, used 1054K [0x00000000a1c00000, 0x00000000a7a80000, 0x00000000e0980000)
  object space 96768K, 1% used [0x00000000a1c00000,0x00000000a1d07a60,0x00000000a7a80000)
 Metaspace       used 7906K, capacity 8102K, committed 8192K, reserved 1056768K
  class space    used 913K, capacity 955K, committed 1024K, reserved 1048576K
Event: 1.106 GC heap after
Heap after GC invocations=9 (full 0):
 PSYoungGen      total 5632K, used 1525K [0x00000000e0980000, 0x00000000e1400000, 0x0000000100000000)
  eden space 4096K, 0% used [0x00000000e0980000,0x00000000e0980000,0x00000000e0d80000)
  from space 1536K, 99% used [0x00000000e0d80000,0x00000000e0efd690,0x00000000e0f00000)
  to   space 2048K, 0% used [0x00000000e1200000,0x00000000e1200000,0x00000000e1400000)
 ParOldGen       total 96768K, used 1835K [0x00000000a1c00000, 0x00000000a7a80000, 0x00000000e0980000)
  object space 96768K, 1% used [0x00000000a1c00000,0x00000000a1dcafb0,0x00000000a7a80000)
 Metaspace       used 7906K, capacity 8102K, committed 8192K, reserved 1056768K
  class space    used 913K, capacity 955K, committed 1024K, reserved 1048576K
}
Event: 17.725 GC heap before
{Heap before GC invocations=10 (full 0):
 PSYoungGen      total 5632K, used 5617K [0x00000000e0980000, 0x00000000e1400000, 0x0000000100000000)
  eden space 4096K, 99% used [0x00000000e0980000,0x00000000e0d7ee10,0x00000000e0d80000)
  from space 1536K, 99% used [0x00000000e0d80000,0x00000000e0efd690,0x00000000e0f00000)
  to   space 2048K, 0% used [0x00000000e1200000,0x00000000e1200000,0x00000000e1400000)
 ParOldGen       total 96768K, used 1835K [0x00000000a1c00000, 0x00000000a7a80000, 0x00000000e0980000)
  object space 96768K, 1% used [0x00000000a1c00000,0x00000000a1dcafb0,0x00000000a7a80000)
 Metaspace       used 9411K, capacity 9628K, committed 9984K, reserved 1058816K
  class space    used 1081K, capacity 1156K, committed 1280K, reserved 1048576K
Event: 17.727 GC heap after
Heap after GC invocations=10 (full 0):
 PSYoungGen      total 8704K, used 1471K [0x00000000e0980000, 0x00000000e1400000, 0x0000000100000000)
  eden space 6656K, 0% used [0x00000000e0980000,0x00000000e0980000,0x00000000e1000000)
  from space 2048K, 71% used [0x00000000e1200000,0x00000000e136fc00,0x00000000e1400000)
  to   space 2048K, 0% used [0x00000000e1000000,0x00000000e1000000,0x00000000e1200000)
 ParOldGen       total 96768K, used 2587K [0x00000000a1c00000, 0x00000000a7a80000, 0x00000000e0980000)
  object space 96768K, 2% used [0x00000000a1c00000,0x00000000a1e86fb0,0x00000000a7a80000)
 Metaspace       used 9411K, capacity 9628K, committed 9984K, reserved 1058816K
  class space    used 1081K, capacity 1156K, committed 1280K, reserved 1048576K
}

